This is e-pTeX, Version 3.14159265-p3.8.2-190131-2.6 (utf8.euc) (TeX Live 2019) (INITEX)  22 MAR 2020 07:00
entering extended mode
 restricted \write18 enabled.
 %&-line parsing enabled.
***eptex.ini
(/app/texlive/texmf-dist/tex/ptex/ptex-base/eptex.ini
(/app/texlive/texmf-dist/tex/ptex/ptex-base/eptex.src
(/app/texlive/texmf-dist/tex/ptex/ptex-base/ptex.tex
(/app/texlive/texmf-dist/tex/plain/base/plain.tex
Preloading the plain format: codes, registers,
\maxdimen=\dimen10
\hideskip=\skip10
\centering=\skip11
\p@=\dimen11
\z@=\dimen12
\z@skip=\skip12
\voidb@x=\box10
 parameters,
\smallskipamount=\skip13
\medskipamount=\skip14
\bigskipamount=\skip15
\normalbaselineskip=\skip16
\normallineskip=\skip17
\normallineskiplimit=\dimen13
\jot=\dimen14
\interdisplaylinepenalty=\count23
\interfootnotelinepenalty=\count24
 fonts, more fonts,
\itfam=\fam4
\slfam=\fam5
\bffam=\fam6
\ttfam=\fam7

macros,
\strutbox=\box11
\mscount=\count25
\tabs=\box12
\tabsyet=\box13
\tabsdone=\box14
 math definitions,
\rootbox=\box15
\p@renwd=\dimen15
 output routines,
\headline=\toks10
\footline=\toks11
\footins=\insert254
\topins=\insert253
 hyphenation
(/app/texlive/texmf-dist/tex/generic/hyphen/hyphen.tex
[skipping from \patterns to end-of-file...]))
\minfam=\fam8
\gtfam=\fam9
\tminfam=\fam10
\tgtfam=\fam11

(/app/texlive/texmf-dist/tex/ptex/ptex-base/kinsoku.tex))
\et@xinput=\read0
\et@xtoks=\toks12

(/app/texlive/texmf-dist/tex/ptex/ptex-base/eptexdefs.lib
Skipping module "grouptypes"; Loading module "interactionmodes";
Skipping module "nodetypes"; Skipping module "iftypes";)
(/app/texlive/texmf-var/tex/generic/config/language.def
\lang@USenglish=\language0

(/app/texlive/texmf-dist/tex/generic/hyphen/hyphen.tex)
\lang@german-x-2019-04-04=\language1

(/app/texlive/texmf-dist/tex/generic/dehyph-exptl/dehypht-x-2019-04-04.tex
dehyph-exptl: using pTeX engine. Loading patterns provided by package hyph-utf8
.
(/app/texlive/texmf-dist/tex/generic/hyph-utf8/patterns/ptex/hyph-de-1901.ec.te
x))
\lang@german-x-latest=\language2
 (/app/texlive/texmf-dist/tex/generic/dehyph-exptl/dehypht-x-2019-04-04.tex
dehyph-exptl: using pTeX engine. Loading patterns provided by package hyph-utf8
.
(/app/texlive/texmf-dist/tex/generic/hyph-utf8/patterns/ptex/hyph-de-1901.ec.te
x))
\lang@ngerman-x-2019-04-04=\language3
 (/app/texlive/texmf-dist/tex/generic/dehyph-exptl/dehyphn-x-2019-04-04.tex
dehyph-exptl: using pTeX engine. Loading patterns provided by package hyph-utf8
.
(/app/texlive/texmf-dist/tex/generic/hyph-utf8/patterns/ptex/hyph-de-1996.ec.te
x))
\lang@ngerman-x-latest=\language4
 (/app/texlive/texmf-dist/tex/generic/dehyph-exptl/dehyphn-x-2019-04-04.tex
dehyph-exptl: using pTeX engine. Loading patterns provided by package hyph-utf8
.
(/app/texlive/texmf-dist/tex/generic/hyph-utf8/patterns/ptex/hyph-de-1996.ec.te
x))
\lang@afrikaans=\language5
 (/app/texlive/texmf-dist/tex/generic/hyph-utf8/loadhyph/loadhyph-af.tex
EC Afrikaans hyphenation patterns
(/app/texlive/texmf-dist/tex/generic/hyph-utf8/patterns/ptex/hyph-af.ec.tex))
\lang@ancientgreek=\language6

(/app/texlive/texmf-dist/tex/generic/hyph-utf8/loadhyph/loadhyph-grc.tex
Hyphenation patterns for Ancient Greek
(/app/texlive/texmf-dist/tex/generic/hyphen/grahyph5.tex
Hyphenation patterns for Ancient Greek))
\lang@ibycus=\language7

(/app/texlive/texmf-dist/tex/generic/hyphen/ibyhyph.tex
Greek hyphenation patterns for Ibycus encoding, v3.0)
\lang@arabic=\language8

(/app/texlive/texmf-dist/tex/generic/hyphen/zerohyph.tex)
\lang@armenian=\language9

(/app/texlive/texmf-dist/tex/generic/hyph-utf8/loadhyph/loadhyph-hy.tex
No Armenian hyphenation patterns - only for Unicode engines)
\lang@basque=\language10

(/app/texlive/texmf-dist/tex/generic/hyph-utf8/loadhyph/loadhyph-eu.tex
EC Basque hyphenation patterns
(/app/texlive/texmf-dist/tex/generic/hyph-utf8/patterns/ptex/hyph-eu.ec.tex))
\lang@belarusian=\language11

(/app/texlive/texmf-dist/tex/generic/hyph-utf8/loadhyph/loadhyph-be.tex
T2A Belarusian hyphenation patterns
(/app/texlive/texmf-dist/tex/generic/hyph-utf8/patterns/ptex/hyph-be.t2a.tex))
\lang@bulgarian=\language12

(/app/texlive/texmf-dist/tex/generic/hyph-utf8/loadhyph/loadhyph-bg.tex
T2A Bulgarian hyphenation patterns
(/app/texlive/texmf-dist/tex/generic/hyph-utf8/patterns/ptex/hyph-bg.t2a.tex))
\lang@catalan=\language13

(/app/texlive/texmf-dist/tex/generic/hyph-utf8/loadhyph/loadhyph-ca.tex
EC Catalan hyphenation patterns
(/app/texlive/texmf-dist/tex/generic/hyph-utf8/patterns/ptex/hyph-ca.ec.tex))
\lang@churchslavonic=\language14

(/app/texlive/texmf-dist/tex/generic/hyph-utf8/loadhyph/loadhyph-cu.tex
No Church Slavonic hyphenation patterns - only for Unicode engines)
\lang@coptic=\language15

(/app/texlive/texmf-dist/tex/generic/hyph-utf8/loadhyph/loadhyph-cop.tex
Coptic hyphenation patterns
(/app/texlive/texmf-dist/tex/generic/hyph-utf8/patterns/tex-8bit/copthyph.tex))
\lang@croatian=\language16
(/app/texlive/texmf-dist/tex/generic/hyph-utf8/loadhyph/loadhyph-hr.tex
EC Croatian hyphenation patterns
(/app/texlive/texmf-dist/tex/generic/hyph-utf8/patterns/ptex/hyph-hr.ec.tex))
\lang@czech=\language17

(/app/texlive/texmf-dist/tex/generic/hyph-utf8/loadhyph/loadhyph-cs.tex
EC Czech hyphenation patterns
(/app/texlive/texmf-dist/tex/generic/hyph-utf8/patterns/ptex/hyph-cs.ec.tex))
\lang@danish=\language18

(/app/texlive/texmf-dist/tex/generic/hyph-utf8/loadhyph/loadhyph-da.tex
EC Danish hyphenation patterns
(/app/texlive/texmf-dist/tex/generic/hyph-utf8/patterns/ptex/hyph-da.ec.tex))
\lang@dutch=\language19

(/app/texlive/texmf-dist/tex/generic/hyph-utf8/loadhyph/loadhyph-nl.tex
EC Dutch hyphenation patterns
(/app/texlive/texmf-dist/tex/generic/hyph-utf8/patterns/ptex/hyph-nl.ec.tex))
\lang@ukenglish=\language20

(/app/texlive/texmf-dist/tex/generic/hyph-utf8/loadhyph/loadhyph-en-gb.tex
ASCII Hyphenation patterns for British English
(/app/texlive/texmf-dist/tex/generic/hyph-utf8/patterns/tex/hyph-en-gb.tex))
\lang@british=\language21

(/app/texlive/texmf-dist/tex/generic/hyph-utf8/loadhyph/loadhyph-en-gb.tex
ASCII Hyphenation patterns for British English
(/app/texlive/texmf-dist/tex/generic/hyph-utf8/patterns/tex/hyph-en-gb.tex))
\lang@UKenglish=\language22

(/app/texlive/texmf-dist/tex/generic/hyph-utf8/loadhyph/loadhyph-en-gb.tex
ASCII Hyphenation patterns for British English
(/app/texlive/texmf-dist/tex/generic/hyph-utf8/patterns/tex/hyph-en-gb.tex))
\lang@usenglishmax=\language23

(/app/texlive/texmf-dist/tex/generic/hyph-utf8/loadhyph/loadhyph-en-us.tex
ASCII Hyphenation patterns for American English
(/app/texlive/texmf-dist/tex/generic/hyph-utf8/patterns/tex/hyph-en-us.tex))
\lang@esperanto=\language24

(/app/texlive/texmf-dist/tex/generic/hyph-utf8/loadhyph/loadhyph-eo.tex
IL3 Esperanto hyphenation patterns
(/app/texlive/texmf-dist/tex/generic/hyph-utf8/patterns/ptex/hyph-eo.il3.tex))
\lang@estonian=\language25

(/app/texlive/texmf-dist/tex/generic/hyph-utf8/loadhyph/loadhyph-et.tex
EC Estonian hyphenation patterns
(/app/texlive/texmf-dist/tex/generic/hyph-utf8/patterns/ptex/hyph-et.ec.tex))
\lang@ethiopic=\language26

(/app/texlive/texmf-dist/tex/generic/hyph-utf8/loadhyph/loadhyph-mul-ethi.tex
No Pan-Ethiopic hyphenation patterns - only for Unicode engines)
\lang@amharic=\language27

(/app/texlive/texmf-dist/tex/generic/hyph-utf8/loadhyph/loadhyph-mul-ethi.tex
No Pan-Ethiopic hyphenation patterns - only for Unicode engines)
\lang@geez=\language28

(/app/texlive/texmf-dist/tex/generic/hyph-utf8/loadhyph/loadhyph-mul-ethi.tex
No Pan-Ethiopic hyphenation patterns - only for Unicode engines)
\lang@farsi=\language29

(/app/texlive/texmf-dist/tex/generic/hyphen/zerohyph.tex)
\lang@persian=\language30

(/app/texlive/texmf-dist/tex/generic/hyphen/zerohyph.tex)
\lang@finnish=\language31

(/app/texlive/texmf-dist/tex/generic/hyph-utf8/loadhyph/loadhyph-fi.tex
EC Finnish hyphenation patterns
(/app/texlive/texmf-dist/tex/generic/hyph-utf8/patterns/ptex/hyph-fi.ec.tex))
\lang@french=\language32

(/app/texlive/texmf-dist/tex/generic/hyph-utf8/loadhyph/loadhyph-fr.tex
EC French hyphenation patterns
(/app/texlive/texmf-dist/tex/generic/hyph-utf8/patterns/ptex/hyph-fr.ec.tex))
\lang@patois=\language33

(/app/texlive/texmf-dist/tex/generic/hyph-utf8/loadhyph/loadhyph-fr.tex
EC French hyphenation patterns
(/app/texlive/texmf-dist/tex/generic/hyph-utf8/patterns/ptex/hyph-fr.ec.tex))
\lang@francais=\language34

(/app/texlive/texmf-dist/tex/generic/hyph-utf8/loadhyph/loadhyph-fr.tex
EC French hyphenation patterns
(/app/texlive/texmf-dist/tex/generic/hyph-utf8/patterns/ptex/hyph-fr.ec.tex))
\lang@friulan=\language35

(/app/texlive/texmf-dist/tex/generic/hyph-utf8/loadhyph/loadhyph-fur.tex
EC Friulan hyphenation patterns
(/app/texlive/texmf-dist/tex/generic/hyph-utf8/patterns/ptex/hyph-fur.ec.tex))
\lang@galician=\language36

(/app/texlive/texmf-dist/tex/generic/hyph-utf8/loadhyph/loadhyph-gl.tex
EC Galician hyphenation patterns
(/app/texlive/texmf-dist/tex/generic/hyph-utf8/patterns/ptex/hyph-gl.ec.tex))
\lang@georgian=\language37

(/app/texlive/texmf-dist/tex/generic/hyph-utf8/loadhyph/loadhyph-ka.tex
T8M Georgian hyphenation patterns
(/app/texlive/texmf-dist/tex/generic/hyph-utf8/patterns/ptex/hyph-ka.t8m.tex))
\lang@german=\language38

(/app/texlive/texmf-dist/tex/generic/hyph-utf8/loadhyph/loadhyph-de-1901.tex
EC German hyphenation patterns (traditional orthography)
(/app/texlive/texmf-dist/tex/generic/hyph-utf8/patterns/ptex/hyph-de-1901.ec.te
x))
\lang@ngerman=\language39

(/app/texlive/texmf-dist/tex/generic/hyph-utf8/loadhyph/loadhyph-de-1996.tex
EC German hyphenation patterns (reformed orthography)
(/app/texlive/texmf-dist/tex/generic/hyph-utf8/patterns/ptex/hyph-de-1996.ec.te
x))
\lang@swissgerman=\language40

(/app/texlive/texmf-dist/tex/generic/hyph-utf8/loadhyph/loadhyph-de-ch-1901.tex
EC Swiss-German hyphenation patterns (traditional orthography)
(/app/texlive/texmf-dist/tex/generic/hyph-utf8/patterns/ptex/hyph-de-ch-1901.ec
.tex))
\lang@monogreek=\language41

(/app/texlive/texmf-dist/tex/generic/hyph-utf8/loadhyph/loadhyph-el-monoton.tex
Hyphenation patterns for uni-accent (monotonic) Modern Greek
(/app/texlive/texmf-dist/tex/generic/hyphen/grmhyph5.tex
Hyphenation patterns for uni-accent (monotonic) Modern Greek))
\lang@greek=\language42

(/app/texlive/texmf-dist/tex/generic/hyph-utf8/loadhyph/loadhyph-el-polyton.tex
Hyphenation patterns for multi-accent (polytonic) Modern Greek
(/app/texlive/texmf-dist/tex/generic/hyphen/grphyph5.tex
Hyphenation patterns for multi-accent (polytonic) Modern Greek))
\lang@polygreek=\language43

(/app/texlive/texmf-dist/tex/generic/hyph-utf8/loadhyph/loadhyph-el-polyton.tex
Hyphenation patterns for multi-accent (polytonic) Modern Greek
(/app/texlive/texmf-dist/tex/generic/hyphen/grphyph5.tex
Hyphenation patterns for multi-accent (polytonic) Modern Greek))
\lang@hungarian=\language44

(/app/texlive/texmf-dist/tex/generic/hyph-utf8/loadhyph/loadhyph-hu.tex
EC Hungarian hyphenation patterns
(/app/texlive/texmf-dist/tex/generic/hyph-utf8/patterns/ptex/hyph-hu.ec.tex))
\lang@icelandic=\language45

(/app/texlive/texmf-dist/tex/generic/hyph-utf8/loadhyph/loadhyph-is.tex
EC Icelandic hyphenation patterns
(/app/texlive/texmf-dist/tex/generic/hyph-utf8/patterns/ptex/hyph-is.ec.tex))
\lang@assamese=\language46

(/app/texlive/texmf-dist/tex/generic/hyph-utf8/loadhyph/loadhyph-as.tex
No Assamese hyphenation patterns - only for Unicode engines)
\lang@bengali=\language47

(/app/texlive/texmf-dist/tex/generic/hyph-utf8/loadhyph/loadhyph-bn.tex
No Bengali hyphenation patterns - only for Unicode engines)
\lang@gujarati=\language48

(/app/texlive/texmf-dist/tex/generic/hyph-utf8/loadhyph/loadhyph-gu.tex
No Gujarati hyphenation patterns - only for Unicode engines)
\lang@hindi=\language49

(/app/texlive/texmf-dist/tex/generic/hyph-utf8/loadhyph/loadhyph-hi.tex
No Hindi hyphenation patterns - only for Unicode engines)
\lang@kannada=\language50

(/app/texlive/texmf-dist/tex/generic/hyph-utf8/loadhyph/loadhyph-kn.tex
No Kannada hyphenation patterns - only for Unicode engines)
\lang@malayalam=\language51

(/app/texlive/texmf-dist/tex/generic/hyph-utf8/loadhyph/loadhyph-ml.tex
No Malayalam hyphenation patterns - only for Unicode engines)
\lang@marathi=\language52

(/app/texlive/texmf-dist/tex/generic/hyph-utf8/loadhyph/loadhyph-mr.tex
No Marathi hyphenation patterns - only for Unicode engines)
\lang@oriya=\language53

(/app/texlive/texmf-dist/tex/generic/hyph-utf8/loadhyph/loadhyph-or.tex
No Oriya hyphenation patterns - only for Unicode engines)
\lang@panjabi=\language54

(/app/texlive/texmf-dist/tex/generic/hyph-utf8/loadhyph/loadhyph-pa.tex
No Panjabi hyphenation patterns - only for Unicode engines)
\lang@pali=\language55

(/app/texlive/texmf-dist/tex/generic/hyph-utf8/loadhyph/loadhyph-pi.tex
No Pali hyphenation patterns - only for Unicode engines)
\lang@tamil=\language56

(/app/texlive/texmf-dist/tex/generic/hyph-utf8/loadhyph/loadhyph-ta.tex
No Tamil hyphenation patterns - only for Unicode engines)
\lang@telugu=\language57

(/app/texlive/texmf-dist/tex/generic/hyph-utf8/loadhyph/loadhyph-te.tex
No Telugu hyphenation patterns - only for Unicode engines)
\lang@indonesian=\language58

(/app/texlive/texmf-dist/tex/generic/hyph-utf8/loadhyph/loadhyph-id.tex
ASCII Indonesian hyphenation patterns
(/app/texlive/texmf-dist/tex/generic/hyph-utf8/patterns/tex/hyph-id.tex))
\lang@interlingua=\language59

(/app/texlive/texmf-dist/tex/generic/hyph-utf8/loadhyph/loadhyph-ia.tex
ASCII Hyphenation patterns for Interlingua
(/app/texlive/texmf-dist/tex/generic/hyph-utf8/patterns/tex/hyph-ia.tex))
\lang@irish=\language60

(/app/texlive/texmf-dist/tex/generic/hyph-utf8/loadhyph/loadhyph-ga.tex
EC Irish hyphenation patterns
(/app/texlive/texmf-dist/tex/generic/hyph-utf8/patterns/ptex/hyph-ga.ec.tex))
\lang@italian=\language61

(/app/texlive/texmf-dist/tex/generic/hyph-utf8/loadhyph/loadhyph-it.tex
ASCII Italian hyphenation patterns
(/app/texlive/texmf-dist/tex/generic/hyph-utf8/patterns/tex/hyph-it.tex))
\lang@kurmanji=\language62

(/app/texlive/texmf-dist/tex/generic/hyph-utf8/loadhyph/loadhyph-kmr.tex
EC Kurmanji hyphenation patterns
(/app/texlive/texmf-dist/tex/generic/hyph-utf8/patterns/ptex/hyph-kmr.ec.tex))
\lang@latin=\language63

(/app/texlive/texmf-dist/tex/generic/hyph-utf8/loadhyph/loadhyph-la.tex
EC Latin hyphenation patterns
(/app/texlive/texmf-dist/tex/generic/hyph-utf8/patterns/ptex/hyph-la.ec.tex))
\lang@classiclatin=\language64

(/app/texlive/texmf-dist/tex/generic/hyph-utf8/loadhyph/loadhyph-la-x-classic.t
ex ASCII Classical Latin hyphenation patterns
(/app/texlive/texmf-dist/tex/generic/hyph-utf8/patterns/tex/hyph-la-x-classic.t
ex))
\lang@liturgicallatin=\language65

(/app/texlive/texmf-dist/tex/generic/hyph-utf8/loadhyph/loadhyph-la-x-liturgic.
tex EC Liturgical Latin hyphenation patterns
(/app/texlive/texmf-dist/tex/generic/hyph-utf8/patterns/ptex/hyph-la-x-liturgic
.ec.tex))
\lang@latvian=\language66

(/app/texlive/texmf-dist/tex/generic/hyph-utf8/loadhyph/loadhyph-lv.tex
L7X Latvian hyphenation patterns
(/app/texlive/texmf-dist/tex/generic/hyph-utf8/patterns/ptex/hyph-lv.l7x.tex))
\lang@lithuanian=\language67

(/app/texlive/texmf-dist/tex/generic/hyph-utf8/loadhyph/loadhyph-lt.tex
L7X Lithuanian hyphenation patterns
(/app/texlive/texmf-dist/tex/generic/hyph-utf8/patterns/ptex/hyph-lt.l7x.tex))
\lang@mongolian=\language68

(/app/texlive/texmf-dist/tex/generic/hyph-utf8/loadhyph/loadhyph-mn-cyrl.tex
T2A (New) Mongolian hyphenation patterns
(/app/texlive/texmf-dist/tex/generic/hyph-utf8/patterns/ptex/hyph-mn-cyrl.t2a.t
ex))
\lang@mongolianlmc=\language69

(/app/texlive/texmf-dist/tex/generic/hyph-utf8/loadhyph/loadhyph-mn-cyrl-x-lmc.
tex LMC Mongolian hyphenation patterns
(/app/texlive/texmf-dist/tex/generic/hyph-utf8/patterns/ptex/hyph-mn-cyrl-x-lmc
.lmc.tex))
\lang@bokmal=\language70

(/app/texlive/texmf-dist/tex/generic/hyph-utf8/loadhyph/loadhyph-nb.tex
EC Norwegian Bokmal hyphenation patterns
(/app/texlive/texmf-dist/tex/generic/hyph-utf8/patterns/ptex/hyph-nb.ec.tex))
\lang@norwegian=\language71

(/app/texlive/texmf-dist/tex/generic/hyph-utf8/loadhyph/loadhyph-nb.tex
EC Norwegian Bokmal hyphenation patterns
(/app/texlive/texmf-dist/tex/generic/hyph-utf8/patterns/ptex/hyph-nb.ec.tex))
\lang@norsk=\language72

(/app/texlive/texmf-dist/tex/generic/hyph-utf8/loadhyph/loadhyph-nb.tex
EC Norwegian Bokmal hyphenation patterns
(/app/texlive/texmf-dist/tex/generic/hyph-utf8/patterns/ptex/hyph-nb.ec.tex))
\lang@nynorsk=\language73

(/app/texlive/texmf-dist/tex/generic/hyph-utf8/loadhyph/loadhyph-nn.tex
EC Norwegian Nynorsk hyphenation patterns
(/app/texlive/texmf-dist/tex/generic/hyph-utf8/patterns/ptex/hyph-nn.ec.tex))
\lang@occitan=\language74

(/app/texlive/texmf-dist/tex/generic/hyph-utf8/loadhyph/loadhyph-oc.tex
EC Occitan hyphenation patterns
(/app/texlive/texmf-dist/tex/generic/hyph-utf8/patterns/ptex/hyph-oc.ec.tex))
\lang@piedmontese=\language75

(/app/texlive/texmf-dist/tex/generic/hyph-utf8/loadhyph/loadhyph-pms.tex
ASCII Piedmontese hyphenation patterns
(/app/texlive/texmf-dist/tex/generic/hyph-utf8/patterns/tex/hyph-pms.tex))
\lang@polish=\language76

(/app/texlive/texmf-dist/tex/generic/hyph-utf8/loadhyph/loadhyph-pl.tex
QX Polish hyphenation patterns
(/app/texlive/texmf-dist/tex/generic/hyph-utf8/patterns/ptex/hyph-pl.qx.tex))
\lang@portuguese=\language77

(/app/texlive/texmf-dist/tex/generic/hyph-utf8/loadhyph/loadhyph-pt.tex
EC Portuguese hyphenation patterns
(/app/texlive/texmf-dist/tex/generic/hyph-utf8/patterns/ptex/hyph-pt.ec.tex))
\lang@portuges=\language78

(/app/texlive/texmf-dist/tex/generic/hyph-utf8/loadhyph/loadhyph-pt.tex
EC Portuguese hyphenation patterns
(/app/texlive/texmf-dist/tex/generic/hyph-utf8/patterns/ptex/hyph-pt.ec.tex))
\lang@romanian=\language79

(/app/texlive/texmf-dist/tex/generic/hyph-utf8/loadhyph/loadhyph-ro.tex
EC Romanian hyphenation patterns
(/app/texlive/texmf-dist/tex/generic/hyph-utf8/patterns/ptex/hyph-ro.ec.tex))
\lang@romansh=\language80

(/app/texlive/texmf-dist/tex/generic/hyph-utf8/loadhyph/loadhyph-rm.tex
ASCII Romansh hyphenation patterns
(/app/texlive/texmf-dist/tex/generic/hyph-utf8/patterns/tex/hyph-rm.tex))
\lang@russian=\language81

(/app/texlive/texmf-dist/tex/generic/hyph-utf8/loadhyph/loadhyph-ru.tex
T2A Russian hyphenation patterns
(/app/texlive/texmf-dist/tex/generic/hyph-utf8/patterns/ptex/hyph-ru.t2a.tex))
\lang@sanskrit=\language82

(/app/texlive/texmf-dist/tex/generic/hyph-utf8/loadhyph/loadhyph-sa.tex
No Sanskrit hyphenation patterns - only for Unicode engines)
\lang@serbian=\language83

(/app/texlive/texmf-dist/tex/generic/hyph-utf8/loadhyph/loadhyph-sr-latn.tex
EC Serbian hyphenation patterns in Latin script
(/app/texlive/texmf-dist/tex/generic/hyph-utf8/patterns/ptex/hyph-sh-latn.ec.te
x))
\lang@serbianc=\language84

(/app/texlive/texmf-dist/tex/generic/hyph-utf8/loadhyph/loadhyph-sr-cyrl.tex
T2A Serbian hyphenation patterns in Cyrillic script
(/app/texlive/texmf-dist/tex/generic/hyph-utf8/patterns/ptex/hyph-sh-cyrl.t2a.t
ex))
\lang@slovak=\language85
 (/app/texlive/texmf-dist/tex/generic/hyph-utf8/loadhyph/loadhyph-sk.tex
EC Slovak hyphenation patterns
(/app/texlive/texmf-dist/tex/generic/hyph-utf8/patterns/ptex/hyph-sk.ec.tex))
\lang@slovenian=\language86

(/app/texlive/texmf-dist/tex/generic/hyph-utf8/loadhyph/loadhyph-sl.tex
EC Slovenian hyphenation patterns
(/app/texlive/texmf-dist/tex/generic/hyph-utf8/patterns/ptex/hyph-sl.ec.tex))
\lang@slovene=\language87

(/app/texlive/texmf-dist/tex/generic/hyph-utf8/loadhyph/loadhyph-sl.tex
EC Slovenian hyphenation patterns
(/app/texlive/texmf-dist/tex/generic/hyph-utf8/patterns/ptex/hyph-sl.ec.tex))
\lang@spanish=\language88

(/app/texlive/texmf-dist/tex/generic/hyph-utf8/loadhyph/loadhyph-es.tex
EC Spanish hyphenation patterns
(/app/texlive/texmf-dist/tex/generic/hyph-utf8/patterns/ptex/hyph-es.ec.tex))
\lang@espanol=\language89

(/app/texlive/texmf-dist/tex/generic/hyph-utf8/loadhyph/loadhyph-es.tex
EC Spanish hyphenation patterns
(/app/texlive/texmf-dist/tex/generic/hyph-utf8/patterns/ptex/hyph-es.ec.tex))
\lang@swedish=\language90

(/app/texlive/texmf-dist/tex/generic/hyph-utf8/loadhyph/loadhyph-sv.tex
EC Swedish hyphenation patterns
(/app/texlive/texmf-dist/tex/generic/hyph-utf8/patterns/ptex/hyph-sv.ec.tex))
\lang@thai=\language91

(/app/texlive/texmf-dist/tex/generic/hyph-utf8/loadhyph/loadhyph-th.tex
LTH Thai hyphenation patterns
(/app/texlive/texmf-dist/tex/generic/hyph-utf8/patterns/ptex/hyph-th.lth.tex))
\lang@turkish=\language92

(/app/texlive/texmf-dist/tex/generic/hyph-utf8/loadhyph/loadhyph-tr.tex
EC Turkish hyphenation patterns
(/app/texlive/texmf-dist/tex/generic/hyph-utf8/patterns/ptex/hyph-tr.ec.tex))
\lang@turkmen=\language93

(/app/texlive/texmf-dist/tex/generic/hyph-utf8/loadhyph/loadhyph-tk.tex
EC Turkmen hyphenation patterns
(/app/texlive/texmf-dist/tex/generic/hyph-utf8/patterns/ptex/hyph-tk.ec.tex))
\lang@ukrainian=\language94

(/app/texlive/texmf-dist/tex/generic/hyph-utf8/loadhyph/loadhyph-uk.tex
T2A Ukrainian hyphenation patterns
(/app/texlive/texmf-dist/tex/generic/hyph-utf8/patterns/ptex/hyph-uk.t2a.tex))
\lang@uppersorbian=\language95

(/app/texlive/texmf-dist/tex/generic/hyph-utf8/loadhyph/loadhyph-hsb.tex
EC Upper Sorbian hyphenation patterns
(/app/texlive/texmf-dist/tex/generic/hyph-utf8/patterns/ptex/hyph-hsb.ec.tex))
\lang@welsh=\language96

(/app/texlive/texmf-dist/tex/generic/hyph-utf8/loadhyph/loadhyph-cy.tex
EC Welsh hyphenation patterns
(/app/texlive/texmf-dist/tex/generic/hyph-utf8/patterns/ptex/hyph-cy.ec.tex)))
Augmenting the Plain TeX definitions: \tracingall;
Adding new e-TeX definitions: \eTeX, \epTeX,  \loggingall, \tracingnone,
register allocation;
\et@xins=\count26
 extended register allocation; 
Recycling: \addlanguage, \@nswer (not defined), \@sk, \b@dresponsetrue,
\b@dresponsefalse, \ch@ckforyn, \mayber@cycle, \et@xabort, \et@xbuf,
\et@xfmtsrc, \et@xfilehdr, \et@xinf, \et@xpatterns, \l@ngdefnfile, \n@xt,
\p@rse (not defined), \pr@mpt (not defined), \pr@mptloop (not defined),
\forcer@cycle, \usef@llback, \usef@llbacktrue, \usef@llbackfalse, 
Retaining: \et@xerr, \et@xinput, \et@xlibhdr, \et@xmsg, \et@xtoks, \et@xwarn,
\et@xl@@d, \et@xl@ad, \et@xload, \et@xlang, \et@xhash, \eTeX, \epTeX,
\etexhdrchk, \etexstatus, \module, \uselanguage, \r@tain, \r@cycle, ) )
Beginning to dump on file eptex.fmt
 (preloaded format=eptex 2020.3.22)
4255 strings of total length 74846
10250 memory locations dumped; current usage is 228&8942
1502 multiletter control sequences
\font\nullfont=nullfont
\font\tenrm=cmr10
\font\preloaded=cmr9
\font\preloaded=cmr8
\font\sevenrm=cmr7
\font\preloaded=cmr6
\font\fiverm=cmr5
\font\teni=cmmi10
\font\preloaded=cmmi9
\font\preloaded=cmmi8
\font\seveni=cmmi7
\font\preloaded=cmmi6
\font\fivei=cmmi5
\font\tensy=cmsy10
\font\preloaded=cmsy9
\font\preloaded=cmsy8
\font\sevensy=cmsy7
\font\preloaded=cmsy6
\font\fivesy=cmsy5
\font\tenex=cmex10
\font\preloaded=cmss10
\font\preloaded=cmssq8
\font\preloaded=cmssi10
\font\preloaded=cmssqi8
\font\tenbf=cmbx10
\font\preloaded=cmbx9
\font\preloaded=cmbx8
\font\sevenbf=cmbx7
\font\preloaded=cmbx6
\font\fivebf=cmbx5
\font\tentt=cmtt10
\font\preloaded=cmtt9
\font\preloaded=cmtt8
\font\preloaded=cmsltt10
\font\tensl=cmsl10
\font\preloaded=cmsl9
\font\preloaded=cmsl8
\font\tenit=cmti10
\font\preloaded=cmti9
\font\preloaded=cmti8
\font\preloaded=cmti7
\font\preloaded=cmu10
\font\preloaded=cmmib10
\font\preloaded=cmbsy10
\font\preloaded=cmcsc10
\font\preloaded=cmssbx10
\font\preloaded=cmdunh10
\font\preloaded=cmr7 at 14.51799pt
\font\preloaded=cmtt10 at 14.4pt
\font\preloaded=cmssbx10 at 14.4pt
\font\preloaded=manfnt
\font\tenmin=min10
\font\preloaded=min9
\font\preloaded=min8
\font\sevenmin=min7
\font\preloaded=min6
\font\fivemin=min5
\font\tengt=goth10
\font\preloaded=goth9
\font\preloaded=goth8
\font\sevengt=goth7
\font\preloaded=goth6
\font\fivegt=goth5
\font\tentmin=tmin10
\font\preloaded=tmin9
\font\preloaded=tmin8
\font\seventmin=tmin7
\font\preloaded=tmin6
\font\fivetmin=tmin5
\font\tentgt=tgoth10
\font\preloaded=tgoth9
\font\preloaded=tgoth8
\font\seventgt=tgoth7
\font\preloaded=tgoth6
\font\fivetgt=tgoth5
20343 words of font info for 74 preloaded fonts
992 hyphenation exceptions
Hyphenation trie of length 356159 has 13323 ops out of 35111
  143 for language 96
  110 for language 95
  138 for language 94
  7 for language 93
  12 for language 92
  53 for language 91
  127 for language 90
  183 for language 89
  183 for language 88
  71 for language 87
  71 for language 86
  248 for language 85
  62 for language 84
  66 for language 83
  119 for language 81
  43 for language 80
  58 for language 79
  7 for language 78
  7 for language 77
  194 for language 76
  37 for language 75
  23 for language 74
  852 for language 73
  852 for language 72
  852 for language 71
  852 for language 70
  21 for language 69
  38 for language 68
  77 for language 67
  58 for language 66
  201 for language 65
  105 for language 64
  25 for language 63
  27 for language 62
  37 for language 61
  229 for language 60
  38 for language 59
  21 for language 58
  147 for language 45
  185 for language 44
  50 for language 43
  50 for language 42
  18 for language 41
  460 for language 40
  551 for language 39
  551 for language 38
  39 for language 37
  76 for language 36
  40 for language 35
  89 for language 34
  89 for language 33
  89 for language 32
  31 for language 31
  113 for language 25
  145 for language 24
  377 for language 23
  224 for language 22
  224 for language 21
  224 for language 20
  265 for language 19
  60 for language 18
  63 for language 17
  19 for language 16
  14 for language 15
  21 for language 13
  54 for language 12
  36 for language 11
  5 for language 10
  148 for language 7
  97 for language 6
  137 for language 5
  551 for language 4
  551 for language 3
  551 for language 2
  551 for language 1
  181 for language 0
No pages of output.
