This is LuajitTeX, Version 1.10.0 (TeX Live 2019)  (INITEX)  22 MAR 2020 07:00
 restricted system commands enabled.
**luatex.ini
(/app/texlive/texmf-dist/tex/generic/tex-ini-files/luatex.ini
(/app/texlive/texmf-dist/tex/generic/tex-ini-files/luatexconfig.tex
(/app/texlive/texmf-dist/tex/generic/tex-ini-files/pdftexconfig.tex))
(/app/texlive/texmf-dist/tex/generic/config/luatexiniconfig.tex)
(/app/texlive/texmf-dist/tex/generic/unicode-data/load-unicode-data.tex 
load-unicode-data.tex v1.8 (2019-03-09)
Reading Unicode data
# UnicodeData-12.0.0.txt
# Downloaded 2019-03-09 18:00:00 GMT [JAW]
) (/app/texlive/texmf-dist/tex/luatex/hyph-utf8/etex.src
(/app/texlive/texmf-dist/tex/plain/base/plain.tex
Preloading the plain format: codes, registers,
\maxdimen=\dimen10
\hideskip=\skip10
\centering=\skip11
\p@=\dimen11
\z@=\dimen12
\z@skip=\skip12
\voidb@x=\box10
 parameters,
\smallskipamount=\skip13
\medskipamount=\skip14
\bigskipamount=\skip15
\normalbaselineskip=\skip16
\normallineskip=\skip17
\normallineskiplimit=\dimen13
\jot=\dimen14
\interdisplaylinepenalty=\count23
\interfootnotelinepenalty=\count24
 fonts, more fonts,
\itfam=\fam4
\slfam=\fam5
\bffam=\fam6
\ttfam=\fam7

macros,
\strutbox=\box11
\mscount=\count25
\tabs=\box12
\tabsyet=\box13
\tabsdone=\box14
 math definitions,
\rootbox=\box15
\p@renwd=\dimen15
 output routines,
\headline=\toks10
\footline=\toks11
\footins=\insert254
\topins=\insert253
 hyphenation
(/app/texlive/texmf-dist/tex/generic/hyphen/hyphen.tex
[skipping from \patterns to end-of-file...]))
\et@xinput=\read0
\et@xtoks=\toks12

(/app/texlive/texmf-dist/tex/plain/etex/etexdefs.lib
Skipping module "grouptypes"; Loading module "interactionmodes";
Skipping module "nodetypes"; Skipping module "iftypes";)
(/app/texlive/texmf-var/tex/generic/config/language.def
\lang@USenglish=\language0
luatex-hyphen: using data file: /app/texlive/texmf-var/tex/generic/config/langua
ge.dat.lua
(/app/texlive/texmf-dist/tex/generic/hyphen/hyphen.tex)
\lang@german-x-2019-04-04=\language1
\lang@german-x-latest=\language2
\lang@ngerman-x-2019-04-04=\language3
\lang@ngerman-x-latest=\language4
\lang@afrikaans=\language5
\lang@ancientgreek=\language6
\lang@ibycus=\language7
\lang@arabic=\language8
\lang@armenian=\language9
\lang@basque=\language10
\lang@belarusian=\language11
\lang@bulgarian=\language12
\lang@catalan=\language13
\lang@churchslavonic=\language14
\lang@coptic=\language15
\lang@croatian=\language16
\lang@czech=\language17
\lang@danish=\language18
\lang@dutch=\language19
\lang@ukenglish=\language20
\lang@british=\language21
\lang@UKenglish=\language22
\lang@usenglishmax=\language23
\lang@esperanto=\language24
\lang@estonian=\language25
\lang@ethiopic=\language26
\lang@amharic=\language27
\lang@geez=\language28
\lang@farsi=\language29
\lang@persian=\language30
\lang@finnish=\language31
\lang@french=\language32
\lang@patois=\language33
\lang@francais=\language34
\lang@friulan=\language35
\lang@galician=\language36
\lang@georgian=\language37
\lang@german=\language38
\lang@ngerman=\language39
\lang@swissgerman=\language40
\lang@monogreek=\language41
\lang@greek=\language42
\lang@polygreek=\language43
\lang@hungarian=\language44
\lang@icelandic=\language45
\lang@assamese=\language46
\lang@bengali=\language47
\lang@gujarati=\language48
\lang@hindi=\language49
\lang@kannada=\language50
\lang@malayalam=\language51
\lang@marathi=\language52
\lang@oriya=\language53
\lang@panjabi=\language54
\lang@pali=\language55
\lang@tamil=\language56
\lang@telugu=\language57
\lang@indonesian=\language58
\lang@interlingua=\language59
\lang@irish=\language60
\lang@italian=\language61
\lang@kurmanji=\language62
\lang@latin=\language63
\lang@classiclatin=\language64
\lang@liturgicallatin=\language65
\lang@latvian=\language66
\lang@lithuanian=\language67
\lang@mongolian=\language68
\lang@mongolianlmc=\language69
\lang@bokmal=\language70
\lang@norwegian=\language71
\lang@norsk=\language72
\lang@nynorsk=\language73
\lang@occitan=\language74
\lang@piedmontese=\language75
\lang@polish=\language76
\lang@portuguese=\language77
\lang@portuges=\language78
\lang@romanian=\language79
\lang@romansh=\language80
\lang@russian=\language81
\lang@sanskrit=\language82
\lang@serbian=\language83
\lang@serbianc=\language84
\lang@slovak=\language85
\lang@slovenian=\language86
\lang@slovene=\language87
\lang@spanish=\language88
\lang@espanol=\language89
\lang@swedish=\language90
\lang@thai=\language91
\lang@turkish=\language92
\lang@turkmen=\language93
\lang@ukrainian=\language94
\lang@uppersorbian=\language95
\lang@welsh=\language96
)
Augmenting the Plain TeX definitions: \tracingall;
Adding new e-TeX definitions: \eTeX, \loggingall, \tracingnone,
register allocation;
\et@xins=\count26
 extended register allocation; 
Recycling: \addlanguage, \@nswer (not defined), \@sk, \b@dresponsetrue,
\b@dresponsefalse, \ch@ckforyn, \mayber@cycle, \et@xabort, \et@xbuf,
\et@xfmtsrc, \et@xfilehdr, \et@xinf, \et@xpatterns, \l@ngdefnfile, \n@xt,
\p@rse (not defined), \pr@mpt (not defined), \pr@mptloop (not defined),
\forcer@cycle, \usef@llback, \usef@llbacktrue, \usef@llbackfalse, 
Retaining: \et@xerr, \et@xinput, \et@xlibhdr, \et@xmsg, \et@xtoks, \et@xwarn,
\et@xl@@d, \et@xl@ad, \et@xload, \et@xlang, \et@xhash, \eTeX, \etexhdrchk,
\etexstatus, \module, \uselanguage, \r@tain, \r@cycle,))
Beginning to dump on file luajittex.fmt
 (format=luajittex 2020.3.22)
3682 strings using 14115 bytes
68807 memory locations dumped; current usage is 149&8468
2153 multiletter control sequences
\font\nullfont=nullfont
\font\tenrm=cmr10
\font\preloaded=cmr9
\font\preloaded=cmr8
\font\sevenrm=cmr7
\font\preloaded=cmr6
\font\fiverm=cmr5
\font\teni=cmmi10
\font\preloaded=cmmi9
\font\preloaded=cmmi8
\font\seveni=cmmi7
\font\preloaded=cmmi6
\font\fivei=cmmi5
\font\tensy=cmsy10
\font\preloaded=cmsy9
\font\preloaded=cmsy8
\font\sevensy=cmsy7
\font\preloaded=cmsy6
\font\fivesy=cmsy5
\font\tenex=cmex10
\font\preloaded=cmss10
\font\preloaded=cmssq8
\font\preloaded=cmssi10
\font\preloaded=cmssqi8
\font\tenbf=cmbx10
\font\preloaded=cmbx9
\font\preloaded=cmbx8
\font\sevenbf=cmbx7
\font\preloaded=cmbx6
\font\fivebf=cmbx5
\font\tentt=cmtt10
\font\preloaded=cmtt9
\font\preloaded=cmtt8
\font\preloaded=cmsltt10
\font\tensl=cmsl10
\font\preloaded=cmsl9
\font\preloaded=cmsl8
\font\tenit=cmti10
\font\preloaded=cmti9
\font\preloaded=cmti8
\font\preloaded=cmti7
\font\preloaded=cmu10
\font\preloaded=cmmib10
\font\preloaded=cmbsy10
\font\preloaded=cmcsc10
\font\preloaded=cmssbx10
\font\preloaded=cmdunh10
\font\preloaded=cmr7 at 14.51799pt
\font\preloaded=cmtt10 at 14.4pt
\font\preloaded=cmssbx10 at 14.4pt
\font\preloaded=manfnt
50 preloaded fonts
warning  (pdf backend): no pages of output.

PDF statistics: 0 PDF objects out of 1000 (max. 8388607)
 0 named destinations out of 1000 (max. 131072)
 1 words of extra memory for PDF output out of 10000 (max. 100000000)

