This is pdfTeX, Version 3.14159265-2.6-1.40.20 (TeX Live 2019) (INITEX)  22 MAR 2020 07:01
entering extended mode
 restricted \write18 enabled.
 %&-line parsing enabled.
***cont-en.mkii
(/app/texlive/texmf-dist/tex/context/base/mkii/cont-en.mkii
(/app/texlive/texmf-dist/tex/context/base/mkii/context.mkii
(/app/texlive/texmf-dist/tex/context/base/mkii/syst-ini.mkii)
(/app/texlive/texmf-dist/tex/context/base/mkii/syst-pln.mkii)
(/app/texlive/texmf-dist/tex/context/base/mkii/norm-tex.mkii)
(/app/texlive/texmf-dist/tex/context/base/mkii/norm-etx.mkii)
(/app/texlive/texmf-dist/tex/context/base/mkii/norm-ptx.mkii)
(/app/texlive/texmf-dist/tex/context/base/mkii/norm-xtx.mkii)
(/app/texlive/texmf-dist/tex/context/base/mkii/norm-ctx.mkii)
(/app/texlive/texmf-dist/tex/context/base/mkii/catc-ini.mkii)
(/app/texlive/texmf-dist/tex/context/base/mkii/catc-act.mkii)
(/app/texlive/texmf-dist/tex/context/base/mkii/catc-def.mkii)
(/app/texlive/texmf-dist/tex/context/base/mkii/catc-ctx.mkii)
(/app/texlive/texmf-dist/tex/context/base/mkii/catc-sym.mkii)
(/app/texlive/texmf-dist/tex/context/base/mkii/catc-xml.mkii
loading: ConTeXt Catcode Regimes / XML
) (/app/texlive/texmf-dist/tex/context/base/mkii/syst-gen.mkii
warning: \count \scratchcounter is already defined (\relax it first)
warning: \count \globalscratchcounter is already defined (\relax it first)
warning: \dimen \scratchdimen is already defined (\relax it first)
warning: \dimen \globalscratchdimen is already defined (\relax it first)
warning: \skip \scratchskip is already defined (\relax it first)
warning: \skip \globalscratchskip is already defined (\relax it first)
warning: \muskip \scratchmuskip is already defined (\relax it first)
warning: \muskip \globalscratchmuskip is already defined (\relax it first)
warning: \toks \scratchtoks is already defined (\relax it first)
warning: \toks \globalscratchtoks is already defined (\relax it first)
warning: \box \scratchbox is already defined (\relax it first)
warning: \box \globalscratchbox is already defined (\relax it first)
warning: \dimen \scratchdimenone is already defined (\relax it first)
warning: \box \scratchboxone is already defined (\relax it first)
warning: \count \scratchcounterone is already defined (\relax it first)
warning: \dimen \scratchdimentwo is already defined (\relax it first)
warning: \box \scratchboxtwo is already defined (\relax it first)
warning: \count \scratchcountertwo is already defined (\relax it first)
warning: \toks \emptytoks is already defined (\relax it first)
loading         : ConTeXt System Macros / General
) (/app/texlive/texmf-dist/tex/context/base/mkii/syst-ext.mkii
loading         : ConTeXt System Macros / Extras
) (/app/texlive/texmf-dist/tex/context/base/mkii/syst-new.mkii)
(/app/texlive/texmf-dist/tex/context/base/mkii/syst-con.mkii
loading         : ConTeXt System Macros / Conversions
) (/app/texlive/texmf-dist/tex/context/base/mkii/thrd-trg.mkii)
(/app/texlive/texmf-dist/tex/context/base/mkii/syst-fnt.mkii)
(/app/texlive/texmf-dist/tex/context/base/mkii/syst-str.mkii)
(/app/texlive/texmf-dist/tex/context/base/mkii/syst-rtp.mkii)
(/app/texlive/texmf-dist/tex/context/base/mkii/supp-fil.mkii
loading         : ConTeXt Support Macros / Files
) (/app/texlive/texmf-dist/tex/context/base/mkii/supp-dir.mkii)
(/app/texlive/texmf-dist/tex/context/base/mkii/supp-lat.mkii)
(/app/texlive/texmf-dist/tex/context/base/mkii/mult-ini.mkii
loading         : ConTeXt Multilingual Macros / Initialization
) (/app/texlive/texmf-dist/tex/context/base/mkii/mult-fst.mkii)
(/app/texlive/texmf-dist/tex/context/base/mkii/mult-sys.mkii
loading         : ConTeXt Multilingual Macros / System
interface       : defining english interface

interface       : using english messages

) (/app/texlive/texmf-dist/tex/context/base/mkii/mult-def.mkii
(/app/texlive/texmf-dist/tex/context/base/mkii/mult-en.mkii)
(/app/texlive/texmf-dist/tex/context/base/mkii/mult-men.mkii))
(/app/texlive/texmf-dist/tex/context/base/mkii/mult-chk.mkii
loading         : ConTeXt Multilingual Macros / Checking
) (/app/texlive/texmf-dist/tex/context/base/mkii/mult-aux.mkii
loading         : ConTeXt Multilingual Macros / Helpers
) (/app/texlive/texmf-dist/tex/context/base/mkii/core-var.mkii
loading         : ConTeXt Core Macros / Variables
) (/app/texlive/texmf-dist/tex/context/base/mkii/core-env.mkii
loading         : ConTeXt Core Macros / Environments
) (/app/texlive/texmf-dist/tex/context/base/mkii/supp-box.mkii
loading         : ConTeXt Support Macros / Boxes
) (/app/texlive/texmf-dist/tex/context/base/mkii/supp-mrk.mkii
loading         : ConTeXt Support Macros / Marks
) (/app/texlive/texmf-dist/tex/context/base/mkii/supp-vis.mkii
loading         : ConTeXt Support Macros / Visualization
) (/app/texlive/texmf-dist/tex/context/base/mkii/supp-fun.mkii
loading         : ConTeXt Support Macros / Fun Stuff
) (/app/texlive/texmf-dist/tex/context/base/mkii/supp-spe.mkii
loading         : ConTeXt Support Macros / Specials
) (/app/texlive/texmf-dist/tex/context/base/mkii/supp-ran.mkii
loading         : ConTeXt Support Macros / Random Number Generation
(/app/texlive/texmf-dist/tex/context/base/mkii/thrd-ran.mkii)
loading         : using TeX's built in randomizer (overloading macro)
) (/app/texlive/texmf-dist/tex/context/base/mkii/supp-mps.mkii
loading         : ConTeXt Support Macros / MetaPost Inclusion
) (/app/texlive/texmf-dist/tex/context/base/mkii/supp-tpi.mkii
(/app/texlive/texmf-dist/tex/context/base/mkii/supp-eps.mkii
loading         : ConTeXt Support Macros / EPS
)
loading         : ConTeXt Support Macros / TPIC Conversion
) (/app/texlive/texmf-dist/tex/context/base/mkii/supp-mat.mkii
loading         : ConTeXt Support Macros / Math
) (/app/texlive/texmf-dist/tex/context/base/mkii/supp-ali.mkii)
(/app/texlive/texmf-dist/tex/context/base/mkii/supp-num.mkii
loading         : ConTeXt Support Macros / Numbers
) (/app/texlive/texmf-dist/tex/context/base/mkii/verb-ini.mkii
loading         : ConTeXt Verbatim Macros / Initialization
) (/app/texlive/texmf-dist/tex/context/base/mkii/page-ins.mkii
loading         : ConTeXt Core Macros / Insertions
) (/app/texlive/texmf-dist/tex/context/base/mkii/core-fil.mkii
loading         : ConTeXt Core Macros / File Support
) (/app/texlive/texmf-dist/tex/context/base/mkii/core-con.mkii
loading         : ConTeXt Core Macros / Conversion
) (/app/texlive/texmf-dist/tex/context/base/mkii/cont-fil.mkii
loading         : ConTeXt File Synonyms
) (/app/texlive/texmf-dist/tex/context/base/mkii/thrd-tab.mkii)
(/app/texlive/texmf-dist/tex/context/base/mkii/supp-pat.mkii
loading         : ConTeXt Support Macros / Patterns
) (/app/texlive/texmf-dist/tex/context/base/mkii/regi-ini.mkii
regime          : regime def is loaded
(/app/texlive/texmf-dist/tex/context/base/mkii/regi-def.mkii)
regime          : regime uni is loaded
(/app/texlive/texmf-dist/tex/context/base/mkii/regi-uni.mkii)
regime          : regime utf is loaded
(/app/texlive/texmf-dist/tex/context/base/mkii/regi-utf.mkii))
(/app/texlive/texmf-dist/tex/context/base/mkii/regi-syn.mkii
loading         : ConTeXt Regime Macros / Synonyms
) (/app/texlive/texmf-dist/tex/context/base/mkii/enco-ini.mkii
loading         : ConTeXt Encoding Macros / Initialization
encoding        : coding def is loaded
(/app/texlive/texmf-dist/tex/context/base/mkii/enco-def.mkii)
encoding        : coding acc is loaded
(/app/texlive/texmf-dist/tex/context/base/mkii/enco-acc.mkii)
encoding        : coding raw is loaded
(/app/texlive/texmf-dist/tex/context/base/mkii/enco-raw.mkii)
encoding        : coding com is loaded
(/app/texlive/texmf-dist/tex/context/base/mkii/enco-com.mkii)
encoding        : coding cas is loaded
(/app/texlive/texmf-dist/tex/context/base/mkii/enco-cas.mkii)
encoding        : coding mis is loaded
(/app/texlive/texmf-dist/tex/context/base/mkii/enco-mis.mkii)
encoding        : coding ans is loaded
(/app/texlive/texmf-dist/tex/context/base/mkii/enco-ans.mkii)
encoding        : coding il2 is loaded
(/app/texlive/texmf-dist/tex/context/base/mkii/enco-il2.mkii)
encoding        : coding ec is loaded
(/app/texlive/texmf-dist/tex/context/base/mkii/enco-ec.mkii)
encoding        : coding tbo is loaded
(/app/texlive/texmf-dist/tex/context/base/mkii/enco-tbo.mkii)
encoding        : coding pdf is loaded
(/app/texlive/texmf-dist/tex/context/base/mkii/enco-pdf.mkii)
encoding        : coding pol is loaded
(/app/texlive/texmf-dist/tex/context/base/mkii/enco-pol.mkii)
encoding        : coding qx is loaded
(/app/texlive/texmf-dist/tex/context/base/mkii/enco-qx.mkii)
encoding        : coding t5 is loaded
(/app/texlive/texmf-dist/tex/context/base/mkii/enco-t5.mkii)
encoding        : coding l7x is loaded
(/app/texlive/texmf-dist/tex/context/base/mkii/enco-l7x.mkii)
encoding        : coding cyr is loaded
(/app/texlive/texmf-dist/tex/context/base/mkii/enco-cyr.mkii)
encoding        : coding agr is loaded
(/app/texlive/texmf-dist/tex/context/base/mkii/enco-agr.mkii)
encoding        : coding 032 is loaded
(/app/texlive/texmf-dist/tex/context/base/mkii/enco-032.mkii)
encoding        : unknown coding 033
encoding        : coding 037 is loaded
(/app/texlive/texmf-dist/tex/context/base/mkii/enco-037.mkii))
(/app/texlive/texmf-dist/tex/context/base/mkii/hand-ini.mkii
handling        : font handling def is loaded
(/app/texlive/texmf-dist/tex/context/base/mkii/hand-def.mkii))
(/app/texlive/texmf-dist/tex/context/base/mkii/lang-ini.mkii
loading         : ConTeXt Language Macros / Initialization
) (/app/texlive/texmf-dist/tex/context/base/mkii/lang-spe.mkii
loading         : ConTeXt Language Macros / Specifics
) (/app/texlive/texmf-dist/tex/context/base/mkii/lang-lab.mkii)
(/app/texlive/texmf-dist/tex/context/base/mkii/unic-ini.mkii
loading         : ConTeXt Unicode Support / Initialization
warning         : \count \utf@c is already defined (\relax it first)
unicode         : loading vector 0
(/app/texlive/texmf-dist/tex/context/base/mkii/unic-000.mkii)
unicode         : loading vector 1
(/app/texlive/texmf-dist/tex/context/base/mkii/unic-001.mkii)
unicode         : loading vector 2
(/app/texlive/texmf-dist/tex/context/base/mkii/unic-002.mkii)
unicode         : loading vector 3
(/app/texlive/texmf-dist/tex/context/base/mkii/unic-003.mkii)
unicode         : loading vector 4
(/app/texlive/texmf-dist/tex/context/base/mkii/unic-004.mkii)
unicode         : loading vector 5
(/app/texlive/texmf-dist/tex/context/base/mkii/unic-005.mkii)
unicode         : loading vector 30
(/app/texlive/texmf-dist/tex/context/base/mkii/unic-030.mkii)
unicode         : loading vector 31
(/app/texlive/texmf-dist/tex/context/base/mkii/unic-031.mkii)
unicode         : loading vector 32
(/app/texlive/texmf-dist/tex/context/base/mkii/unic-032.mkii)
unicode         : loading vector 33
(/app/texlive/texmf-dist/tex/context/base/mkii/unic-033.mkii)
unicode         : loading vector 34
(/app/texlive/texmf-dist/tex/context/base/mkii/unic-034.mkii)
unicode         : loading vector 35
(/app/texlive/texmf-dist/tex/context/base/mkii/unic-035.mkii)
unicode         : loading vector 37
(/app/texlive/texmf-dist/tex/context/base/mkii/unic-037.mkii)
unicode         : loading vector 39
(/app/texlive/texmf-dist/tex/context/base/mkii/unic-039.mkii)
unicode         : loading vector 251
(/app/texlive/texmf-dist/tex/context/base/mkii/unic-251.mkii)
unicode         : loading vector cjk
(/app/texlive/texmf-dist/tex/context/base/mkii/unic-cjk.mkii))
(/app/texlive/texmf-dist/tex/context/base/mkii/core-gen.mkii
loading         : ConTeXt Core Macros / General
) (/app/texlive/texmf-dist/tex/context/base/mkii/core-uti.mkii
loading         : ConTeXt Core Macros / Utility File Handling
) (/app/texlive/texmf-dist/tex/context/base/mkii/core-two.mkii
loading         : ConTeXt Core Macros / Two Pass Data
) (/app/texlive/texmf-dist/tex/context/base/mkii/core-stg.mkii)
(/app/texlive/texmf-dist/tex/context/base/mkii/spec-ini.mkii
loading         : ConTeXt Special Macros / Initialization
) (/app/texlive/texmf-dist/tex/context/base/mkii/spec-mis.mkii
loading         : ConTeXt Special Macros / Miscellaneous Macros
) (/app/texlive/texmf-dist/tex/context/base/mkii/spec-def.mkii
loading         : ConTeXt Special Macros / Definitions
) (/app/texlive/texmf-dist/tex/context/base/mkii/spec-var.mkii
loading         : ConTeXt Special Macros / Variables
) (/app/texlive/texmf-dist/tex/context/base/mkii/colo-ini.mkii
loading         : ConTeXt Color Macros / Initialization
color           : specification [s=0] at color black becomes black
color           : system rgb is loaded
(/app/texlive/texmf-dist/tex/context/base/mkii/colo-rgb.mkii
color           : specification [s=0] at color black becomes black
)) (/app/texlive/texmf-dist/tex/context/base/mkii/colo-ext.mkii
loading         : ConTeXt Color Macros / Extras
) (/app/texlive/texmf-dist/tex/context/base/mkii/lang-mis.mkii
loading         : ConTeXt Language Macros / Compounds
) (/app/texlive/texmf-dist/tex/context/base/mkii/lang-url.mkii)
(/app/texlive/texmf-dist/tex/context/base/mkii/lang-ger.mkii
loading         : ConTeXt Language Macros / Germanic Languages
language        : patterns nl for nl loaded (n=1,e=texnansi,m=texnansi)
(/app/texlive/texmf-dist/tex/context/patterns/mkii/lang-nl.pat)
language        : hyphenations nl for nl loaded (n=1,e=texnansi,m=texnansi)
(/app/texlive/texmf-dist/tex/context/patterns/mkii/lang-nl.hyp)
language        : patterns nl for nl loaded (n=2,e=ec,m=ec)
(/app/texlive/texmf-dist/tex/context/patterns/mkii/lang-nl.pat)
language        : hyphenations nl for nl loaded (n=2,e=ec,m=ec)
(/app/texlive/texmf-dist/tex/context/patterns/mkii/lang-nl.hyp)
language        : patterns us for en loaded (n=3,e=ec,m=ec)
(/app/texlive/texmf-dist/tex/context/patterns/mkii/lang-us.pat)
language        : hyphenations us for en loaded (n=3,e=ec,m=ec)
(/app/texlive/texmf-dist/tex/context/patterns/mkii/lang-us.hyp)
language        : patterns de for de loaded (n=4,e=texnansi,m=texnansi)
(/app/texlive/texmf-dist/tex/context/patterns/mkii/lang-de.pat)
language        : hyphenations de for de loaded (n=4,e=texnansi,m=texnansi)
(/app/texlive/texmf-dist/tex/context/patterns/mkii/lang-de.hyp)
language        : patterns de for de loaded (n=5,e=ec,m=ec)
(/app/texlive/texmf-dist/tex/context/patterns/mkii/lang-de.pat)
language        : hyphenations de for de loaded (n=5,e=ec,m=ec)
(/app/texlive/texmf-dist/tex/context/patterns/mkii/lang-de.hyp)
language        : patterns da for da loaded (n=6,e=ec,m=ec)
(/app/texlive/texmf-dist/tex/context/patterns/mkii/lang-da.pat)
language        : hyphenations da for da loaded (n=6,e=ec,m=ec)
(/app/texlive/texmf-dist/tex/context/patterns/mkii/lang-da.hyp)
language        : patterns sv for sv loaded (n=7,e=ec,m=ec)
(/app/texlive/texmf-dist/tex/context/patterns/mkii/lang-sv.pat)
language        : hyphenations sv for sv loaded (n=7,e=ec,m=ec)
(/app/texlive/texmf-dist/tex/context/patterns/mkii/lang-sv.hyp)
language        : patterns af for af loaded (n=8,e=ec,m=ec)
(/app/texlive/texmf-dist/tex/context/patterns/mkii/lang-af.pat)
language        : hyphenations af for af loaded (n=8,e=ec,m=ec)
(/app/texlive/texmf-dist/tex/context/patterns/mkii/lang-af.hyp)
language        : patterns for nb not loaded
language        : patterns for nn not loaded
language        : patterns gb for en-gb loaded (n=9,e=ec,m=ec)
(/app/texlive/texmf-dist/tex/context/patterns/mkii/lang-gb.pat)
language        : hyphenations gb for en-gb loaded (n=9,e=ec,m=ec)
(/app/texlive/texmf-dist/tex/context/patterns/mkii/lang-gb.hyp))
(/app/texlive/texmf-dist/tex/context/base/mkii/lang-ita.mkii
loading         : ConTeXt Language Macros / Italic Languages
language        : patterns fr for fr loaded (n=10,e=texnansi,m=texnansi)
(/app/texlive/texmf-dist/tex/context/patterns/mkii/lang-fr.pat)
language        : hyphenations fr for fr loaded (n=10,e=texnansi,m=texnansi)
(/app/texlive/texmf-dist/tex/context/patterns/mkii/lang-fr.hyp)
language        : patterns fr for fr loaded (n=11,e=ec,m=ec)
(/app/texlive/texmf-dist/tex/context/patterns/mkii/lang-fr.pat)
language        : hyphenations fr for fr loaded (n=11,e=ec,m=ec)
(/app/texlive/texmf-dist/tex/context/patterns/mkii/lang-fr.hyp)
language        : patterns es for es loaded (n=12,e=ec,m=ec)
(/app/texlive/texmf-dist/tex/context/patterns/mkii/lang-es.pat)
language        : hyphenations es for es loaded (n=12,e=ec,m=ec)
(/app/texlive/texmf-dist/tex/context/patterns/mkii/lang-es.hyp)
language        : patterns ca for ca loaded (n=13,e=ec,m=ec)
(/app/texlive/texmf-dist/tex/context/patterns/mkii/lang-ca.pat)
language        : hyphenations ca for ca loaded (n=13,e=ec,m=ec)
(/app/texlive/texmf-dist/tex/context/patterns/mkii/lang-ca.hyp)
language        : patterns it for it loaded (n=14,e=texnansi,m=texnansi)
(/app/texlive/texmf-dist/tex/context/patterns/mkii/lang-it.pat)
language        : hyphenations it for it loaded (n=14,e=texnansi,m=texnansi)
(/app/texlive/texmf-dist/tex/context/patterns/mkii/lang-it.hyp)
language        : patterns it for it loaded (n=15,e=ec,m=ec)
(/app/texlive/texmf-dist/tex/context/patterns/mkii/lang-it.pat)
language        : hyphenations it for it loaded (n=15,e=ec,m=ec)
(/app/texlive/texmf-dist/tex/context/patterns/mkii/lang-it.hyp)
language        : patterns la for la loaded (n=16,e=ec,m=ec)
(/app/texlive/texmf-dist/tex/context/patterns/mkii/lang-la.pat)
language        : hyphenations la for la loaded (n=16,e=ec,m=ec)
(/app/texlive/texmf-dist/tex/context/patterns/mkii/lang-la.hyp)
language        : patterns pt for pt loaded (n=17,e=texnansi,m=texnansi)
(/app/texlive/texmf-dist/tex/context/patterns/mkii/lang-pt.pat)
language        : hyphenations pt for pt loaded (n=17,e=texnansi,m=texnansi)
(/app/texlive/texmf-dist/tex/context/patterns/mkii/lang-pt.hyp)
language        : patterns pt for pt loaded (n=18,e=ec,m=ec)
(/app/texlive/texmf-dist/tex/context/patterns/mkii/lang-pt.pat)
language        : hyphenations pt for pt loaded (n=18,e=ec,m=ec)
(/app/texlive/texmf-dist/tex/context/patterns/mkii/lang-pt.hyp)
language        : patterns ro for ro loaded (n=19,e=ec,m=ec)
(/app/texlive/texmf-dist/tex/context/patterns/mkii/lang-ro.pat)
language        : hyphenations ro for ro loaded (n=19,e=ec,m=ec)
(/app/texlive/texmf-dist/tex/context/patterns/mkii/lang-ro.hyp))
(/app/texlive/texmf-dist/tex/context/base/mkii/lang-sla.mkii
loading         : ConTeXt Language Macros / Slavic Languages
language        : patterns pl for pl loaded (n=20,e=pl0,m=pl0)
(/app/texlive/texmf-dist/tex/context/patterns/mkii/lang-pl.pat)
language        : hyphenations pl for pl loaded (n=20,e=pl0,m=pl0)
(/app/texlive/texmf-dist/tex/context/patterns/mkii/lang-pl.hyp)
language        : patterns pl for pl loaded (n=21,e=ec,m=ec)
(/app/texlive/texmf-dist/tex/context/patterns/mkii/lang-pl.pat)
language        : hyphenations pl for pl loaded (n=21,e=ec,m=ec)
(/app/texlive/texmf-dist/tex/context/patterns/mkii/lang-pl.hyp)
language        : patterns pl for pl loaded (n=22,e=qx,m=qx)
(/app/texlive/texmf-dist/tex/context/patterns/mkii/lang-pl.pat)
language        : hyphenations pl for pl loaded (n=22,e=qx,m=qx)
(/app/texlive/texmf-dist/tex/context/patterns/mkii/lang-pl.hyp)
language        : patterns cs for cs loaded (n=23,e=il2,m=il2)
(/app/texlive/texmf-dist/tex/context/patterns/mkii/lang-cs.pat)
language        : hyphenations cs for cs loaded (n=23,e=il2,m=il2)
(/app/texlive/texmf-dist/tex/context/patterns/mkii/lang-cs.hyp)
language        : patterns cs for cs loaded (n=24,e=ec,m=ec)
(/app/texlive/texmf-dist/tex/context/patterns/mkii/lang-cs.pat)
language        : hyphenations cs for cs loaded (n=24,e=ec,m=ec)
(/app/texlive/texmf-dist/tex/context/patterns/mkii/lang-cs.hyp)
language        : patterns sk for sk loaded (n=25,e=il2,m=il2)
(/app/texlive/texmf-dist/tex/context/patterns/mkii/lang-sk.pat)
language        : hyphenations sk for sk loaded (n=25,e=il2,m=il2)
(/app/texlive/texmf-dist/tex/context/patterns/mkii/lang-sk.hyp)
language        : patterns sk for sk loaded (n=26,e=ec,m=ec)
(/app/texlive/texmf-dist/tex/context/patterns/mkii/lang-sk.pat)
language        : hyphenations sk for sk loaded (n=26,e=ec,m=ec)
(/app/texlive/texmf-dist/tex/context/patterns/mkii/lang-sk.hyp)
language        : patterns hr for hr loaded (n=27,e=ec,m=ec)
(/app/texlive/texmf-dist/tex/context/patterns/mkii/lang-hr.pat)
language        : hyphenations hr for hr loaded (n=27,e=ec,m=ec)
(/app/texlive/texmf-dist/tex/context/patterns/mkii/lang-hr.hyp)
language        : patterns sl for sl loaded (n=28,e=ec,m=ec)
(/app/texlive/texmf-dist/tex/context/patterns/mkii/lang-sl.pat)
language        : hyphenations sl for sl loaded (n=28,e=ec,m=ec)
(/app/texlive/texmf-dist/tex/context/patterns/mkii/lang-sl.hyp))
(/app/texlive/texmf-dist/tex/context/base/mkii/lang-alt.mkii
loading         : ConTeXt Language Macros / Altaic Languages
language        : patterns tr for tr loaded (n=29,e=ec,m=ec)
(/app/texlive/texmf-dist/tex/context/patterns/mkii/lang-tr.pat)
language        : hyphenations tr for tr loaded (n=29,e=ec,m=ec)
(/app/texlive/texmf-dist/tex/context/patterns/mkii/lang-tr.hyp)
language        : patterns tk for tk loaded (n=30,e=ec,m=ec)
(/app/texlive/texmf-dist/tex/context/patterns/mkii/lang-tk.pat)
language        : hyphenations tk for tk loaded (n=30,e=ec,m=ec)
(/app/texlive/texmf-dist/tex/context/patterns/mkii/lang-tk.hyp))
(/app/texlive/texmf-dist/tex/context/base/mkii/lang-ana.mkii
loading         : ConTeXt Language Macros / Anatolian Languages
) (/app/texlive/texmf-dist/tex/context/base/mkii/lang-art.mkii
loading         : ConTeXt Language Macros / Artificial Languages
) (/app/texlive/texmf-dist/tex/context/base/mkii/lang-bal.mkii
loading         : ConTeXt Language Macros / Baltic Languages
language        : patterns lt for lt loaded (n=31,e=l7x,m=l7x)
(/app/texlive/texmf-dist/tex/context/patterns/mkii/lang-lt.pat)
language        : hyphenations lt for lt loaded (n=31,e=l7x,m=l7x)
(/app/texlive/texmf-dist/tex/context/patterns/mkii/lang-lt.hyp))
(/app/texlive/texmf-dist/tex/context/base/mkii/lang-cel.mkii
loading         : ConTeXt Language Macros / Celtic Languages
) (/app/texlive/texmf-dist/tex/context/base/mkii/lang-grk.mkii
loading         : ConTeXt Language Macros / Greek
language        : no patterns gr for gr (n=32,e=ec,m=ec) (lang-gr.pat,lang-gr.p
at)
language        : no hyphenations gr for gr (n=32,e=ec,m=ec)
language        : patterns agr for agr loaded (n=33,e=agr,m=agr)
(/app/texlive/texmf-dist/tex/context/patterns/mkii/lang-agr.pat)
language        : hyphenations agr for agr loaded (n=33,e=agr,m=agr)
(/app/texlive/texmf-dist/tex/context/patterns/mkii/lang-agr.hyp))
(/app/texlive/texmf-dist/tex/context/base/mkii/lang-ind.mkii
loading         : ConTeXt Language Macros / Indo-Iranian Languages
) (/app/texlive/texmf-dist/tex/context/base/mkii/lang-ura.mkii
loading         : ConTeXt Language Macros / Uralic Languages
language        : patterns fi for fi loaded (n=34,e=ec,m=ec)
(/app/texlive/texmf-dist/tex/context/patterns/mkii/lang-fi.pat)
language        : hyphenations fi for fi loaded (n=34,e=ec,m=ec)
(/app/texlive/texmf-dist/tex/context/patterns/mkii/lang-fi.hyp)
language        : patterns hu for hu loaded (n=35,e=ec,m=ec)
(/app/texlive/texmf-dist/tex/context/patterns/mkii/lang-hu.pat)
language        : hyphenations hu for hu loaded (n=35,e=ec,m=ec)
(/app/texlive/texmf-dist/tex/context/patterns/mkii/lang-hu.hyp))
(/app/texlive/texmf-dist/tex/context/base/mkii/lang-vn.mkii
loading         : ConTeXt Language Macros / Vietnamese Language
language        : no patterns vi for vi (n=36,e=t5,m=t5) (lang-vi.pat,lang-vi.p
at)
language        : no hyphenations vi for vi (n=36,e=t5,m=t5)
) (/app/texlive/texmf-dist/tex/context/base/mkii/lang-cyr.mkii
loading         : ConTeXt Language Macros / Cyrillic Languages
language        : patterns ru for ru loaded (n=37,e=t2a,m=t2a)
(/app/texlive/texmf-dist/tex/context/patterns/mkii/lang-ru.pat)
language        : hyphenations ru for ru loaded (n=37,e=t2a,m=t2a)
(/app/texlive/texmf-dist/tex/context/patterns/mkii/lang-ru.hyp)
language        : patterns uk for ua loaded (n=38,e=t2a,m=t2a)
(/app/texlive/texmf-dist/tex/context/patterns/mkii/lang-uk.pat)
language        : hyphenations uk for ua loaded (n=38,e=t2a,m=t2a)
(/app/texlive/texmf-dist/tex/context/patterns/mkii/lang-uk.hyp))
(/app/texlive/texmf-dist/tex/context/base/mkii/typo-ini.mkii
loading         : ConTeXt Typographic Macros / Initialization
) (/app/texlive/texmf-dist/tex/context/base/mkii/symb-ini.mkii
loading         : ConTeXt Symbol Libraries / Initialization
) (/app/texlive/texmf-dist/tex/context/base/mkii/sort-ini.mkii
loading         : ConTeXt Sorting Macros / Initialization
) (/app/texlive/texmf-dist/tex/context/base/mkii/spac-gen.mkii
loading         : ConTeXt Core Macros / Spacing
) (/app/texlive/texmf-dist/tex/context/base/mkii/spac-grd.mkii
loading         : ConTeXt Core Macros / Grid Snapping
) (/app/texlive/texmf-dist/tex/context/base/mkii/strc-mar.mkii
loading         : ConTeXt Structure Macros / Markings
) (/app/texlive/texmf-dist/tex/context/base/mkii/anch-pos.mkii
loading         : ConTeXt Anchoring Macros / Positioning
) (/app/texlive/texmf-dist/tex/context/base/mkii/buff-ver.mkii
loading         : ConTeXt Buffer Macros / Verbatim
) (/app/texlive/texmf-dist/tex/context/base/mkii/buff-ini.mkii
loading         : ConTeXt Buffer Macros / Buffers
) (/app/texlive/texmf-dist/tex/context/base/mkii/pack-rul.mkii
loading         : ConTeXt Packaging Macros / Ruled Content
) (/app/texlive/texmf-dist/tex/context/base/mkii/trac-vis.mkii
loading         : ConTeXt Tracking Macros / Visualization
) (/app/texlive/texmf-dist/tex/context/base/mkii/strc-num.mkii
loading         : ConTeXt Structure Macros / Numbering
) (/app/texlive/texmf-dist/tex/context/base/mkii/tabl-com.mkii
loading         : ConTeXt Table Macros / Common Code
) (/app/texlive/texmf-dist/tex/context/base/mkii/tabl-pln.mkii
loading         : ConTeXt Table Macros / Plain Tabular
) (/app/texlive/texmf-dist/tex/context/base/mkii/tabl-tab.mkii
loading         : ConTeXt Table Macros / TaBlE Embedding
) (/app/texlive/texmf-dist/tex/context/base/mkii/tabl-tsp.mkii
loading         : ConTeXt Table Macros / Splitting
) (/app/texlive/texmf-dist/tex/context/base/mkii/scrn-nav.mkii
loading         : ConTeXt Screen Macros / Navigation
) (/app/texlive/texmf-dist/tex/context/base/mkii/strc-ref.mkii
loading         : ConTeXt Structure Macros / Cross Referencing
) (/app/texlive/texmf-dist/tex/context/base/mkii/pack-obj.mkii
loading         : ConTeXt Packaging Macros / Objects
) (/app/texlive/texmf-dist/tex/context/base/mkii/strc-lst.mkii
loading         : ConTeXt Structure Macros / Lists
) (/app/texlive/texmf-dist/tex/context/base/mkii/strc-itm.mkii
loading         : ConTeXt Structure Macros / Itemgroups
) (/app/texlive/texmf-dist/tex/context/base/mkii/strc-des.mkii
loading         : ConTeXt Structure Macros / Descriptions
) (/app/texlive/texmf-dist/tex/context/base/mkii/strc-mat.mkii
loading         : ConTeXt Structure Macros / Math Fundamentals
warning         : \count \supersubmode is already defined (\relax it first)
) (/app/texlive/texmf-dist/tex/context/base/mkii/strc-syn.mkii
loading         : ConTeXt Structure Macros / Synonyms and Sorts
) (/app/texlive/texmf-dist/tex/context/base/mkii/core-sys.mkii
loading         : ConTeXt Core Macros / System
) (/app/texlive/texmf-dist/tex/context/base/mkii/page-ini.mkii
loading         : ConTeXt Page Macros / Initializations
) (/app/texlive/texmf-dist/tex/context/base/mkii/page-bck.mkii
loading         : ConTeXt Page Macros / Backgrounds
warning         : \dimen \pagedepth is already defined (\relax it first)
) (/app/texlive/texmf-dist/tex/context/base/mkii/page-not.mkii
loading         : ConTeXt Page Macros / Footnotes
) (/app/texlive/texmf-dist/tex/context/base/mkii/page-one.mkii
loading         : ConTeXt Page Macros / Default Routine
) (/app/texlive/texmf-dist/tex/context/base/mkii/page-lay.mkii
loading         : ConTeXt Page Macros / Layout Specification
) (/app/texlive/texmf-dist/tex/context/base/mkii/page-log.mkii
loading         : ConTeXt Page Macros / Logos
) (/app/texlive/texmf-dist/tex/context/base/mkii/page-txt.mkii
loading         : ConTeXt Page Macros / Texts
) (/app/texlive/texmf-dist/tex/context/base/mkii/page-sid.mkii
loading         : ConTeXt Page Macros / Side Floats
) (/app/texlive/texmf-dist/tex/context/base/mkii/strc-flt.mkii
loading         : ConTeXt Structure Macros / Float Numbering
) (/app/texlive/texmf-dist/tex/context/base/mkii/page-mis.mkii
loading         : ConTeXt Page Macros / Misc Float Things
layout          : marginblocks active
) (/app/texlive/texmf-dist/tex/context/base/mkii/page-mul.mkii
loading         : ConTeXt Page Macros / Simple Multi Column
) (/app/texlive/texmf-dist/tex/context/base/mkii/page-set.mkii
loading         : ConTeXt Page Macros / Column Sets
) (/app/texlive/texmf-dist/tex/context/base/mkii/pack-lyr.mkii
loading         : ConTeXt Packaging Macros / Layers
) (/app/texlive/texmf-dist/tex/context/base/mkii/page-mak.mkii
loading         : ConTeXt Page Macros / MakeUp
) (/app/texlive/texmf-dist/tex/context/base/mkii/strc-pag.mkii
loading         : ConTeXt Structure Macros / Numbering
warning         : \count \pageno is already defined (\relax it first)
) (/app/texlive/texmf-dist/tex/context/base/mkii/page-lin.mkii
loading         : ConTeXt Core Macros / Line Numbering
) (/app/texlive/texmf-dist/tex/context/base/mkii/page-par.mkii
loading         : ConTeXt Page Macros / Paragraph Numbering
) (/app/texlive/texmf-dist/tex/context/base/mkii/page-mar.mkii
loading         : ConTeXt Page Macros / Maginal Things
) (/app/texlive/texmf-dist/tex/context/base/mkii/core-job.mkii
loading         : ConTeXt Core Macros / Job Handling
) (/app/texlive/texmf-dist/tex/context/base/mkii/strc-sec.mkii
loading         : ConTeXt Structure Macros / Sectioning
system          : mark part defined [part]
system          : mark partnumber defined [partnumber]
system          : mark chapter defined [chapter]
system          : mark chapternumber defined [chapternumber]
system          : mark section defined [section]
system          : mark sectionnumber defined [sectionnumber]
system          : mark subsection defined [subsection]
system          : mark subsectionnumber defined [subsectionnumber]
system          : mark subsubsection defined [subsubsection]
system          : mark subsubsectionnumber defined [subsubsectionnumber]
system          : mark subsubsubsection defined [subsubsubsection]
system          : mark subsubsubsectionnumber defined [subsubsubsectionnumber]
system          : mark subsubsubsubsection defined [subsubsubsubsection]
system          : mark subsubsubsubsectionnumber defined [subsubsubsubsectionnu
mber]
system          : mark title defined [title]
system          : mark titlenumber defined [titlenumber]
system          : mark subject defined [subject]
system          : mark subjectnumber defined [subjectnumber]
system          : mark subsubject defined [subsubject]
system          : mark subsubjectnumber defined [subsubjectnumber]
system          : mark subsubsubject defined [subsubsubject]
system          : mark subsubsubjectnumber defined [subsubsubjectnumber]
system          : mark subsubsubsubject defined [subsubsubsubject]
system          : mark subsubsubsubjectnumber defined [subsubsubsubjectnumber]
system          : mark subsubsubsubsubject defined [subsubsubsubsubject]
system          : mark subsubsubsubsubjectnumber defined [subsubsubsubsubjectnu
mber]
) (/app/texlive/texmf-dist/tex/context/base/mkii/strc-swd.mkii
loading         : ConTeXt Structure Macros / Sectionworlds
) (/app/texlive/texmf-dist/tex/context/base/mkii/strc-blk.mkii
loading         : ConTeXt Structure Macros / Blockmoves
) (/app/texlive/texmf-dist/tex/context/base/mkii/page-imp.mkii
loading         : ConTeXt Page Macros / Pagebody Building
) (/app/texlive/texmf-dist/tex/context/base/mkii/tabl-tbl.mkii
loading         : ConTeXt Table Macros / Tabulation
) (/app/texlive/texmf-dist/tex/context/base/mkii/scrn-int.mkii
loading         : ConTeXt Screen Macros / Interaction
) (/app/texlive/texmf-dist/tex/context/base/mkii/tabl-ntb.mkii
loading         : ConTeXt Table Macros / Natural Tables
) (/app/texlive/texmf-dist/tex/context/base/mkii/tabl-nte.mkii
loading         : ConTeXt Table Module / Natural Tables Extensions
) (/app/texlive/texmf-dist/tex/context/base/mkii/tabl-ltb.mkii
loading         : ConTeXt Table Macros / Line Tables
) (/app/texlive/texmf-dist/tex/context/base/mkii/lang-chi.mkii
loading         : ConTeXt Language Macros / Chinese
language        : no patterns cn for cn (n=39,e=ec,m=ec) (lang-cn.pat,lang-cn.p
at)
language        : no hyphenations cn for cn (n=39,e=ec,m=ec)
language        : language specific options [default-cn] seamless appended
) (/app/texlive/texmf-dist/tex/context/base/mkii/lang-jap.mkii
loading         : ConTeXt Language Macros / Japanese
language        : no patterns ja for ja (n=40,e=ec,m=ec) (lang-ja.pat,lang-ja.p
at)
language        : no hyphenations ja for ja (n=40,e=ec,m=ec)
) (/app/texlive/texmf-dist/tex/context/base/mkii/java-ini.mkii
loading         : ConTeXt JavaScript Macros / Initialization
) (/app/texlive/texmf-dist/tex/context/base/mkii/scrn-fld.mkii
loading         : ConTeXt Screen Macros / Fields
) (/app/texlive/texmf-dist/tex/context/base/mkii/scrn-hlp.mkii
loading         : ConTeXt Screen Macros / Help popups
) (/app/texlive/texmf-dist/tex/context/base/mkii/strc-reg.mkii
loading         : ConTeXt Structure Macros / Register Management
) (/app/texlive/texmf-dist/tex/context/base/mkii/font-ini.mkii
loading         : ConTeXt Font Macros / Initialization
loading         : Postponed Plain TeX Font Definitions
bodyfont        : style mm (mm) defined
bodyfont        : style rm (rm definedromanserifregular)
bodyfont        : style ss (ss definedsansserifsanssupport)
bodyfont        : style tt (tt definedteletypetypemono)
bodyfont        : style hw (hw definedhandwritten)
bodyfont        : style cg (cg definedcalligraphic)
) (/app/texlive/texmf-dist/tex/context/base/mkii/font-unk.mkii)
(/app/texlive/texmf-dist/tex/context/base/mkii/font-uni.mkii
loading         : ConTeXt Font Macros / Unicode
) (/app/texlive/texmf-dist/tex/context/base/mkii/font-bfm.mkii
loading         : ConTeXt Font Macros / Mixed Bold Math Support
) (/app/texlive/texmf-dist/tex/context/base/mkii/enco-pfr.mkii)
(/app/texlive/texmf-dist/tex/context/base/mkii/type-ini.mkii
loading         : ConTeXt Typescript Macros / Initialization
) (/app/texlive/texmf-dist/tex/context/base/mkii/type-set.mkii)
(/app/texlive/texmf-dist/tex/context/base/mkii/type-def.mkii)
(/app/texlive/texmf-dist/tex/context/base/mkii/prop-ini.mkii
loading         : ConTeXt Property Macros / Initialization
) (/app/texlive/texmf-dist/tex/context/base/mkii/prop-lay.mkii
loading         : ConTeXt Property Macros / Layers
) (/app/texlive/texmf-dist/tex/context/base/mkii/prop-mis.mkii
loading         : ConTeXt Property Macros / Miscelaneous
) (/app/texlive/texmf-dist/tex/context/base/mkii/meta-ini.mkii
loading         : MetaPost Graphics / Initializations
) (/app/texlive/texmf-dist/tex/context/base/mkii/meta-tex.mkii)
(/app/texlive/texmf-dist/tex/context/base/mkii/meta-pdf.mkii
loading         : MetaPost Graphics / MPS to PDF
warning         : \count \nofMParguments is already defined (\relax it first)
) (/app/texlive/texmf-dist/tex/context/base/mkii/meta-pag.mkii
loading         : MetaPost Graphics / Page Data Management
) (/app/texlive/texmf-dist/tex/context/base/mkii/page-flw.mkii
loading         : ConTeXt Page Macros / Text Flows
) (/app/texlive/texmf-dist/tex/context/base/mkii/page-spr.mkii
loading         : ConTeXt Page Macros / Spreading
) (/app/texlive/texmf-dist/tex/context/base/mkii/page-plg.mkii
loading         : ConTeXt Page Macros / Extra Page Building
) (/app/texlive/texmf-dist/tex/context/base/mkii/page-str.mkii
loading         : ConTeXt Page Macros / Page Streams
) (/app/texlive/texmf-dist/tex/context/base/mkii/anch-pgr.mkii
loading         : ConTeXt Anchoring Macros / Grapics
) (/app/texlive/texmf-dist/tex/context/base/mkii/anch-bar.mkii
loading         : ConTeXt Anchoring Macros / Margin Bars
) (/app/texlive/texmf-dist/tex/context/base/mkii/anch-snc.mkii
loading         : ConTeXt Anchoring Macros / Synchronization
) (/app/texlive/texmf-dist/tex/context/base/mkii/math-pln.mkii
loading         : ConTeXt Math Macros / Plain Helpers
) (/app/texlive/texmf-dist/tex/context/base/mkii/math-ini.mkii
loading         : ConTeXt Math Macros / Initializations
(/app/texlive/texmf-dist/tex/context/base/mkii/math-tex.mkii)
(/app/texlive/texmf-dist/tex/context/base/mkii/math-ams.mkii)
(/app/texlive/texmf-dist/tex/context/base/mkii/math-uni.mkii))
(/app/texlive/texmf-dist/tex/context/base/mkii/math-arr.mkii
loading         : ConTeXt Math Macros / Arrows
) (/app/texlive/texmf-dist/tex/context/base/mkii/math-frc.mkii
loading         : ConTeXt Math Macros / Fractions
) (/app/texlive/texmf-dist/tex/context/base/mkii/core-fnt.mkii
loading         : ConTeXt Core Macros / Fonts
) (/app/texlive/texmf-dist/tex/context/base/mkii/strc-not.mkii
loading         : ConTeXt Structure Macros / Note Handling
) (/app/texlive/texmf-dist/tex/context/base/mkii/strc-lnt.mkii
loading         : ConTeXt Structure Macros / Line Notes
) (/app/texlive/texmf-dist/tex/context/base/mkii/core-mis.mkii
loading         : ConTeXt Core Macros / Misc Commands
) (/app/texlive/texmf-dist/tex/context/base/mkii/grph-trf.mkii
loading         : ConTeXt Graphic Macros / Transformations
) (/app/texlive/texmf-dist/tex/context/base/mkii/grph-inc.mkii
loading         : ConTeXt Graphic Macros / Figure Inclusion
) (/app/texlive/texmf-dist/tex/context/base/mkii/grph-fig.mkii
loading         : ConTeXt Graphic Macros / Figure Handling
) (/app/texlive/texmf-dist/tex/context/base/mkii/core-par.mkii
loading         : ConTeXt Core Macros / Pararaph Tricks
) (/app/texlive/texmf-dist/tex/context/base/mkii/pack-box.mkii
loading         : ConTeXt Packaging Macros / Boxes
) (/app/texlive/texmf-dist/tex/context/base/mkii/page-app.mkii
loading         : ConTeXt Page Macros / Applications
) (/app/texlive/texmf-dist/tex/context/base/mkii/meta-fig.mkii
loading         : MetaPost Graphics / Stand Alone Graphics
) (/app/texlive/texmf-dist/tex/context/base/mkii/lang-spa.mkii
loading         : ConTeXt Language Macros / Spacing
) (/app/texlive/texmf-dist/tex/context/base/mkii/bibl-tra.mkii
loading         : ConTeXt Bibliography Support / BibTeX
publications    : loading formatting style from bibl-apa
(/app/texlive/texmf-dist/tex/context/bib/mkii/bibl-apa.tex))
(/app/texlive/texmf-dist/tex/context/base/mkii/xtag-ini.mkii
loading         : ConTeXt XML Macros / Initialization
warning         : \toks \everyTEXinputmode is already defined (\relax it first)

warning         : \toks \everyXMLinputmode is already defined (\relax it first)

) (/app/texlive/texmf-dist/tex/context/base/mkii/xtag-ext.mkii
loading         : ConTeXt XML Macros / Extras
) (/app/texlive/texmf-dist/tex/context/base/mkii/xtag-exp.mkii
loading         : ConTeXt XML Macros / Expansion
) (/app/texlive/texmf-dist/tex/context/base/mkii/xtag-pre.mkii
loading         : ConTeXt XML Macros / Predefined
) (/app/texlive/texmf-dist/tex/context/base/mkii/xtag-xsd.mkii)
(/app/texlive/texmf-dist/tex/context/base/mkii/xtag-rng.mkii)
(/app/texlive/texmf-dist/tex/context/base/mkii/meta-xml.mkii
loading         : MetaPost Graphics / XML Hacks
) (/app/texlive/texmf-dist/tex/context/base/mkii/cont-log.mkii
loading         : ConTeXt TeX Logos
) (/app/texlive/texmf-dist/tex/context/base/mkii/core-ctx.mkii
loading         : ConTeXt Core Macros / Job Control
) (/app/texlive/texmf-dist/tex/context/base/mkii/core-ini.mkii
loading         : ConTeXt Core Macros / Additional Initialization
) (/app/texlive/texmf-dist/tex/context/base/mkii/core-def.mkii
loading         : ConTeXt Core Macros / Defaults
symbols         : loading symbolset mis
(/app/texlive/texmf-dist/tex/context/base/mkii/symb-mis.mkii)
symbols         : loading symbolset mvs
(/app/texlive/texmf-dist/tex/context/base/mkii/symb-mvs.mkii)
symbols         : loading symbolset nav
(/app/texlive/texmf-dist/tex/context/base/mkii/symb-nav.mkii))
system          : module res-12 (mkii) loaded
(/app/texlive/texmf-dist/tex/context/modules/mkii/x-res-12.mkii)
(/app/texlive/texmf-dist/tex/context/base/mkii/type-siz.mkii)
(/app/texlive/texmf-dist/tex/context/base/mkii/type-one.mkii
(/app/texlive/texmf-dist/tex/context/base/mkii/type-siz.mkii)
(/app/texlive/texmf-dist/tex/context/base/mkii/type-one.mkii)
(/app/texlive/texmf-dist/tex/context/base/mkii/type-siz.mkii)
(/app/texlive/texmf-dist/tex/context/base/mkii/type-one.mkii)
(/app/texlive/texmf-dist/tex/context/base/mkii/type-siz.mkii)
(/app/texlive/texmf-dist/tex/context/base/mkii/type-one.mkii)
(/app/texlive/texmf-dist/tex/context/base/mkii/type-siz.mkii)
(/app/texlive/texmf-dist/tex/context/base/mkii/type-one.mkii)
(/app/texlive/texmf-dist/tex/context/base/mkii/type-siz.mkii)
(/app/texlive/texmf-dist/tex/context/base/mkii/type-one.mkii)
(/app/texlive/texmf-dist/tex/context/base/mkii/type-siz.mkii)
(/app/texlive/texmf-dist/tex/context/base/mkii/type-one.mkii)
(/app/texlive/texmf-dist/tex/context/base/mkii/type-siz.mkii)
(/app/texlive/texmf-dist/tex/context/base/mkii/type-one.mkii)
(/app/texlive/texmf-dist/tex/context/base/mkii/type-siz.mkii)
(/app/texlive/texmf-dist/tex/context/base/mkii/type-one.mkii))

ConTeXt  ver: 2019.03.21 21:39 MKII  fmt: 2020.3.22  int: english/english

specials        : loading definition file dvi
(/app/texlive/texmf-dist/tex/context/base/mkii/spec-dvi.mkii)
specials        : loading definition file ps
(/app/texlive/texmf-dist/tex/context/base/mkii/spec-ps.mkii)
specials        : loading definition file tr
(/app/texlive/texmf-dist/tex/context/base/mkii/spec-tr.mkii) ) )
Beginning to dump on file cont-en.fmt
 (preloaded format=cont-en 2020.3.22)
44502 strings of total length 732253
598376 memory locations dumped; current usage is 2831&589496
41408 multiletter control sequences
\font\nullfont=nullfont
0 words of font info for 0 preloaded fonts
581 hyphenation exceptions
Hyphenation trie of length 202413 has 5076 ops out of 35111
  138 for language 38
  119 for language 37
  185 for language 35
  31 for language 34
  103 for language 33
  77 for language 31
  7 for language 30
  12 for language 29
  71 for language 28
  19 for language 27
  248 for language 26
  248 for language 25
  63 for language 24
  63 for language 23
  194 for language 22
  194 for language 21
  194 for language 20
  58 for language 19
  7 for language 18
  7 for language 17
  25 for language 16
  37 for language 15
  37 for language 14
  21 for language 13
  183 for language 12
  89 for language 11
  89 for language 10
  224 for language 9
  137 for language 8
  127 for language 7
  60 for language 6
  551 for language 5
  551 for language 4
  377 for language 3
  265 for language 2
  265 for language 1
0 words of pdfTeX memory
0 indirect objects
No pages of output.
